TN:
SF:src/javascript/index.js
FN:45,(anonymous_0)
FN:51,(anonymous_1)
FNF:2
FNH:2
FNDA:30,(anonymous_0)
FNDA:1,(anonymous_1)
DA:2,3
DA:5,3
DA:6,3
DA:7,3
DA:8,3
DA:9,3
DA:13,3
DA:14,3
DA:16,3
DA:18,3
DA:22,3
DA:24,3
DA:28,3
DA:35,3
DA:36,3
DA:39,3
DA:40,3
DA:43,3
DA:45,3
DA:47,30
DA:51,3
DA:52,1
DA:53,1
DA:62,3
LF:24
LH:24
BRDA:35,0,0,3
BRDA:35,0,1,3
BRF:2
BRH:2
end_of_record
TN:
SF:src/javascript/routes.js
FN:14,(anonymous_0)
FN:16,(anonymous_1)
FN:33,(anonymous_2)
FN:52,(anonymous_3)
FN:57,(anonymous_4)
FN:66,(anonymous_5)
FN:69,(anonymous_6)
FN:88,(anonymous_7)
FN:130,(anonymous_8)
FN:150,(anonymous_9)
FN:181,(anonymous_10)
FN:189,(anonymous_11)
FN:192,(anonymous_12)
FN:212,(anonymous_13)
FN:227,(anonymous_14)
FN:230,(anonymous_15)
FN:248,(anonymous_16)
FN:266,(anonymous_17)
FN:269,(anonymous_18)
FN:287,(anonymous_19)
FN:305,(anonymous_20)
FN:308,(anonymous_21)
FN:327,(anonymous_22)
FN:347,(anonymous_23)
FN:350,(anonymous_24)
FN:370,(anonymous_25)
FN:373,(anonymous_26)
FNF:27
FNH:18
FNDA:15,(anonymous_0)
FNDA:1,(anonymous_1)
FNDA:1,(anonymous_2)
FNDA:2,(anonymous_3)
FNDA:4,(anonymous_4)
FNDA:1,(anonymous_5)
FNDA:0,(anonymous_6)
FNDA:3,(anonymous_7)
FNDA:3,(anonymous_8)
FNDA:2,(anonymous_9)
FNDA:1,(anonymous_10)
FNDA:1,(anonymous_11)
FNDA:0,(anonymous_12)
FNDA:1,(anonymous_13)
FNDA:0,(anonymous_14)
FNDA:0,(anonymous_15)
FNDA:1,(anonymous_16)
FNDA:1,(anonymous_17)
FNDA:0,(anonymous_18)
FNDA:1,(anonymous_19)
FNDA:0,(anonymous_20)
FNDA:0,(anonymous_21)
FNDA:1,(anonymous_22)
FNDA:0,(anonymous_23)
FNDA:0,(anonymous_24)
FNDA:1,(anonymous_25)
FNDA:1,(anonymous_26)
DA:1,3
DA:2,3
DA:3,3
DA:4,3
DA:5,3
DA:6,3
DA:12,3
DA:14,15
DA:16,3
DA:17,1
DA:18,1
DA:19,1
DA:24,1
DA:33,3
DA:35,1
DA:36,1
DA:37,1
DA:38,1
DA:39,0
DA:41,1
DA:52,3
DA:53,2
DA:54,2
DA:55,2
DA:56,2
DA:57,4
DA:58,2
DA:59,1
DA:62,1
DA:63,1
DA:65,1
DA:67,1
DA:70,0
DA:73,0
DA:74,0
DA:88,3
DA:89,3
DA:90,3
DA:91,3
DA:92,3
DA:93,3
DA:94,3
DA:95,3
DA:96,1
DA:99,1
DA:100,1
DA:102,1
DA:103,0
DA:106,0
DA:107,0
DA:109,1
DA:110,1
DA:113,1
DA:116,1
DA:117,1
DA:130,3
DA:131,3
DA:132,3
DA:133,3
DA:134,3
DA:135,3
DA:136,3
DA:137,1
DA:140,1
DA:141,1
DA:143,1
DA:144,0
DA:147,0
DA:148,0
DA:150,2
DA:151,1
DA:152,0
DA:155,0
DA:156,0
DA:158,1
DA:159,1
DA:162,1
DA:165,1
DA:166,1
DA:181,3
DA:182,1
DA:183,1
DA:184,1
DA:185,1
DA:186,1
DA:187,1
DA:188,1
DA:190,1
DA:193,0
DA:197,0
DA:212,3
DA:213,1
DA:214,1
DA:215,1
DA:216,1
DA:217,1
DA:218,1
DA:219,1
DA:220,0
DA:223,0
DA:224,0
DA:226,0
DA:228,0
DA:231,0
DA:234,1
DA:248,3
DA:249,1
DA:250,1
DA:252,1
DA:253,1
DA:254,1
DA:255,1
DA:256,0
DA:259,0
DA:260,0
DA:262,1
DA:265,1
DA:267,1
DA:270,0
DA:273,0
DA:287,3
DA:288,1
DA:289,1
DA:291,1
DA:292,1
DA:293,1
DA:294,1
DA:295,0
DA:298,0
DA:299,0
DA:301,0
DA:304,0
DA:306,0
DA:309,0
DA:312,1
DA:327,3
DA:328,1
DA:329,1
DA:331,1
DA:332,1
DA:333,1
DA:334,1
DA:335,1
DA:336,0
DA:339,0
DA:340,0
DA:342,0
DA:346,0
DA:348,0
DA:351,0
DA:355,1
DA:370,3
DA:371,1
DA:372,1
DA:373,1
DA:374,1
DA:375,0
DA:377,1
DA:383,0
DA:392,3
LF:160
LH:118
BRDA:18,0,0,1
BRDA:18,0,1,0
BRDA:37,1,0,1
BRDA:37,1,1,1
BRDA:38,2,0,0
BRDA:38,2,1,1
BRDA:38,3,0,1
BRDA:38,3,1,1
BRDA:58,4,0,1
BRDA:58,4,1,1
BRDA:58,5,0,2
BRDA:58,5,1,1
BRDA:95,6,0,1
BRDA:95,6,1,1
BRDA:95,7,0,3
BRDA:95,7,1,1
BRDA:95,7,2,1
BRDA:102,8,0,0
BRDA:102,8,1,1
BRDA:136,9,0,1
BRDA:136,9,1,1
BRDA:136,10,0,3
BRDA:136,10,1,1
BRDA:143,11,0,0
BRDA:143,11,1,1
BRDA:151,12,0,0
BRDA:151,12,1,1
BRDA:151,13,0,1
BRDA:151,13,1,1
BRDA:187,14,0,0
BRDA:187,14,1,1
BRDA:219,15,0,0
BRDA:219,15,1,0
BRDA:219,16,0,1
BRDA:219,16,1,1
BRDA:255,17,0,0
BRDA:255,17,1,1
BRDA:294,18,0,0
BRDA:294,18,1,0
BRDA:335,19,0,0
BRDA:335,19,1,0
BRDA:335,20,0,1
BRDA:335,20,1,1
BRDA:374,21,0,0
BRDA:374,21,1,1
BRF:45
BRH:31
end_of_record
TN:
SF:src/javascript/services.js
FN:13,(anonymous_0)
FN:15,(anonymous_1)
FN:19,(anonymous_2)
FN:37,(anonymous_3)
FN:39,(anonymous_4)
FN:42,(anonymous_5)
FN:67,(anonymous_6)
FN:90,(anonymous_7)
FN:92,(anonymous_8)
FN:108,(anonymous_9)
FN:110,(anonymous_10)
FNF:11
FNH:10
FNDA:3,(anonymous_0)
FNDA:6,(anonymous_1)
FNDA:2,(anonymous_2)
FNDA:1,(anonymous_3)
FNDA:0,(anonymous_4)
FNDA:1,(anonymous_5)
FNDA:1,(anonymous_6)
FNDA:1,(anonymous_7)
FNDA:1,(anonymous_8)
FNDA:1,(anonymous_9)
FNDA:2,(anonymous_10)
DA:1,3
DA:2,3
DA:3,3
DA:4,3
DA:13,3
DA:14,3
DA:15,6
DA:16,3
DA:17,1
DA:19,2
DA:20,2
DA:27,0
DA:37,3
DA:38,1
DA:40,0
DA:43,1
DA:44,1
DA:47,1
DA:48,0
DA:49,0
DA:52,0
DA:55,0
DA:67,3
DA:68,1
DA:71,1
DA:78,1
DA:79,0
DA:81,1
DA:90,3
DA:91,1
DA:92,1
DA:93,1
DA:94,1
DA:95,1
DA:96,1
DA:97,1
DA:100,0
DA:108,3
DA:109,1
DA:110,2
DA:112,0
DA:117,3
LF:42
LH:33
BRDA:16,0,0,1
BRDA:16,0,1,2
BRDA:43,1,0,1
BRDA:43,1,1,0
BRDA:43,2,0,1
BRDA:43,2,1,1
BRDA:45,3,0,0
BRDA:45,3,1,1
BRDA:48,4,0,0
BRDA:48,4,1,0
BRDA:78,5,0,0
BRDA:78,5,1,1
BRDA:93,6,0,1
BRDA:93,6,1,0
BRF:14
BRH:8
end_of_record
TN:
SF:src/javascript/util/db.js
FNF:0
FNH:0
DA:11,3
DA:13,3
DA:15,3
DA:16,3
DA:18,3
LF:5
LH:5
BRF:0
BRH:0
end_of_record
TN:
SF:src/javascript/util/logger.js
FN:12,(anonymous_0)
FNF:1
FNH:1
FNDA:3,(anonymous_0)
DA:4,3
DA:5,3
DA:6,3
DA:7,3
DA:8,3
DA:9,3
DA:12,3
DA:13,3
DA:14,3
DA:15,0
DA:16,0
DA:21,3
DA:44,3
DA:46,3
LF:14
LH:12
BRDA:14,0,0,0
BRDA:14,0,1,3
BRF:2
BRH:1
end_of_record
TN:
SF:src/javascript/util/yaml-config.js
FN:7,(anonymous_0)
FN:18,(anonymous_1)
FN:23,(anonymous_2)
FN:32,(anonymous_3)
FNF:4
FNH:3
FNDA:182,(anonymous_0)
FNDA:0,(anonymous_1)
FNDA:175,(anonymous_2)
FNDA:7,(anonymous_3)
DA:1,3
DA:2,3
DA:3,3
DA:4,3
DA:7,3
DA:9,182
DA:10,119
DA:11,119
DA:13,7
DA:17,63
DA:18,0
DA:19,0
DA:22,63
DA:23,63
DA:24,175
DA:26,63
DA:32,7
LF:17
LH:15
BRDA:9,0,0,119
BRDA:9,0,1,63
BRDA:9,1,0,182
BRDA:9,1,1,182
BRDA:17,2,0,0
BRDA:17,2,1,63
BRDA:22,3,0,63
BRDA:22,3,1,0
BRF:8
BRH:6
end_of_record
